Сборка начата 14.03.2016 2:27:18.
     1>Проект "C:\Documents\Visual Studio 2013\Projects\Space_Invaders\Space_Invaders\Space_Invaders.vcxproj" в узле 2 (целевые объекты Build).
     1>ClCompile:
         E:\Visual Studio\VC\bin\CL.exe /c /I"C:\SFML-2.2\include" /ZI /nologo /W3 /WX- /sdl /Od /Oy- /D SFML_DYNAMIC /D WIN32 /D _DEBUG /D _CONSOLE /D _LIB /D _UNICODE /D UNICODE /Gm /EHsc /RTC1 /MDd /GS /fp:precise /Zc:wchar_t /Zc:forScope /Fo"Debug\\" /Fd"Debug\vc120.pdb" /Gd /TP /analyze- /errorReport:prompt main.cpp
         main.cpp
     1>c:\documents\visual studio 2013\projects\space_invaders\space_invaders\interface.h(60): warning C4305: =: усечение из "double" к "float"
     1>c:\documents\visual studio 2013\projects\space_invaders\space_invaders\interface.h(73): warning C4244: =: преобразование "int" в "float", возможна потеря данных
     1>c:\documents\visual studio 2013\projects\space_invaders\space_invaders\interface.h(74): warning C4244: =: преобразование "int" в "float", возможна потеря данных
     1>c:\documents\visual studio 2013\projects\space_invaders\space_invaders\interface.h(203): warning C4244: аргумент: преобразование "float" в "int", возможна потеря данных
     1>c:\documents\visual studio 2013\projects\space_invaders\space_invaders\interface.h(208): warning C4244: аргумент: преобразование "float" в "int", возможна потеря данных
     1>c:\documents\visual studio 2013\projects\space_invaders\space_invaders\interface.h(217): warning C4305: =: усечение из "double" к "float"
     1>c:\documents\visual studio 2013\projects\space_invaders\space_invaders\interface.h(259): warning C4305: =: усечение из "double" к "float"
     1>c:\documents\visual studio 2013\projects\space_invaders\space_invaders\interface.h(266): warning C4244: аргумент: преобразование "float" в "int", возможна потеря данных
     1>c:\documents\visual studio 2013\projects\space_invaders\space_invaders\main.cpp(44): warning C4244: инициализация: преобразование "sf::Int64" в "float", возможна потеря данных
       Link:
         E:\Visual Studio\VC\bin\link.exe /ERRORREPORT:PROMPT /OUT:"C:\Documents\Visual Studio 2013\Projects\Space_Invaders\Debug\Space_Invaders.exe" /INCREMENTAL /NOLOGO /LIBPATH:"C:\SFML-2.2\lib" "sfml-graphics-d.lib" "sfml-window-d.lib" "sfml-system-d.lib" "sfml-audio-d.lib" kernel32.lib user32.lib gdi32.lib winspool.lib comdlg32.lib advapi32.lib shell32.lib ole32.lib oleaut32.lib uuid.lib odbc32.lib odbccp32.lib kernel32.lib user32.lib gdi32.lib winspool.lib comdlg32.lib advapi32.lib shell32.lib ole32.lib oleaut32.lib uuid.lib odbc32.lib odbccp32.lib /MANIFEST /MANIFESTUAC:"level='asInvoker' uiAccess='false'" /manifest:embed /DEBUG /PDB:"C:\Documents\Visual Studio 2013\Projects\Space_Invaders\Debug\Space_Invaders.pdb" /SUBSYSTEM:CONSOLE /TLBID:1 /DYNAMICBASE /NXCOMPAT /IMPLIB:"C:\Documents\Visual Studio 2013\Projects\Space_Invaders\Debug\Space_Invaders.lib" /MACHINE:X86 Debug\main.obj
         Space_Invaders.vcxproj -> C:\Documents\Visual Studio 2013\Projects\Space_Invaders\Debug\Space_Invaders.exe
     1>Сборка проекта "C:\Documents\Visual Studio 2013\Projects\Space_Invaders\Space_Invaders\Space_Invaders.vcxproj" завершена (целевые объекты Build).

Сборка успешно завершена.

Затраченное время: 00:00:02.17
